<?xml version="1.0" encoding="UTF-8"?>
<testng-results ignored="0" total="1" passed="1" failed="0" skipped="0">
  <reporter-output>
  </reporter-output>
  <suite started-at="2022-10-24T19:06:20 BRT" name="Surefire suite" finished-at="2022-10-24T19:06:20 BRT" duration-ms="58">
    <groups>
    </groups>
    <test started-at="2022-10-24T19:06:20 BRT" name="Surefire test" finished-at="2022-10-24T19:06:20 BRT" duration-ms="58">
      <class name="com.google.AppTest">
        <test-method signature="AcessGoole()" started-at="2022-10-24T19:06:20 BRT" name="AcessGoole" finished-at="2022-10-24T19:06:20 BRT" duration-ms="8" status="PASS">
          <reporter-output>
          </reporter-output>
        </test-method> <!-- AcessGoole -->
      </class> <!-- com.google.AppTest -->
    </test> <!-- Surefire test -->
  </suite> <!-- Surefire suite -->
</testng-results>
